Loaded 108 wallets from insider_wallets.json
Copy trader wallet: [32m9M8yBZ881M9Q1ztKcd4sBPm2pi9n24wjGxosqfLuiofb[0m
HTTP Request: GET https://api.jup.ag/price/v3?ids=So11111111111111111111111111111111111111112 "HTTP/1.1 200 OK"
[94m[COPY-TRADER][0m Connecting to Helius WebSocket...
  Tracking: [37mCabalWhale22...[0m
  Tracking: [37mInsiderGod33...[0m
  Tracking: [37mAlphaWallet1...[0m
  Tracking: [37m9xQeWvG816bU...[0m
  Tracking: [37m5Q544fSpJC1m...[0m
  Tracking: [37mAnubis512ho5...[0m
  Tracking: [37mkubovYDzmVy8...[0m
  Tracking: [37m9WJYzH2up8h5...[0m
  Tracking: [37m2BrvUX5FoDyX...[0m
  Tracking: [37m3aUM2QDhCQrv...[0m
  Tracking: [37m8dS2pSUipKNu...[0m
  Tracking: [37m5dWAFTtaAdDf...[0m
  Tracking: [37mFrz5385pzPNB...[0m
  Tracking: [37mAVjEtg2ECYKX...[0m
  Tracking: [37mHizm5RqiLwx7...[0m
  Tracking: [37mCXdZ6m2PotNq...[0m
  Tracking: [37mDMBHvEhqVhXP...[0m
  Tracking: [37m7gEnRjDud56B...[0m
  Tracking: [37m2CQgjcdNEo7W...[0m
  Tracking: [37mFWWHviZv8FAV...[0m
  Tracking: [37m12B9mkMAkYSY...[0m
  Tracking: [37m2uogkWePgpro...[0m
  Tracking: [37mCe1hFWgoqUA9...[0m
  Tracking: [37mHC4Cwxu88GhX...[0m
  Tracking: [37mF5BH1XPvBKJH...[0m
  Tracking: [37m6HshPAUKw5b2...[0m
  Tracking: [37mBAEkGkvBePyY...[0m
  Tracking: [37m9pEr5U7M9E5V...[0m
  Tracking: [37mD8WoiGg5xT3r...[0m
  Tracking: [37mCsdHZmm1xHmu...[0m
  Tracking: [37mGgHQvVhyuTXz...[0m
  Tracking: [37mGAxAdSRJtrae...[0m
  Tracking: [37mf1CRTtRfHtQE...[0m
  Tracking: [37mC8eJHD7Do8Aq...[0m
  Tracking: [37mF8XRuaenZ3Td...[0m
  Tracking: [37mG2qCBzdM24UJ...[0m
  Tracking: [37mCEmeuuZtpfUa...[0m
  Tracking: [37m8RJAQHTos8fN...[0m
  Tracking: [37m3FGjh6HhccnS...[0m
  Tracking: [37m2DJVfTjSuQZh...[0m
  Tracking: [37m684n7W2bfSmT...[0m
  Tracking: [37myLPb9RobUAgn...[0m
  Tracking: [37mFAV7SjiwiT7n...[0m
  Tracking: [37mCBvN5i5tsW94...[0m
  Tracking: [37mGh2hJryuAZ1D...[0m
  Tracking: [37m9i3xTenvGhDs...[0m
  Tracking: [37mAHLRbBtS98bE...[0m
  Tracking: [37mARBxwreWCvZR...[0m
  Tracking: [37mG8ioa3Hc5PeY...[0m
  Tracking: [37m26JMC8DSrnhz...[0m
  Tracking: [37m5CDdWopnjgkA...[0m
  Tracking: [37m7apBZAH4hN3p...[0m
  Tracking: [37mCZqVMbvXfygY...[0m
  Tracking: [37mCs4YUYLaTeZd...[0m
  Tracking: [37mEQ6R4s94nn21...[0m
  Tracking: [37m9dMrbDzoV19A...[0m
  Tracking: [37mFTozpU9ZC3aN...[0m
  Tracking: [37m6qJzBedE5DRa...[0m
  Tracking: [37mHcp1UNUyzB3W...[0m
  Tracking: [37mup7AH6DHNKuz...[0m
  Tracking: [37mB21y4sd4k82G...[0m
  Tracking: [37mF67WShL7Jx6q...[0m
  Tracking: [37mDdi3d3ADJgfZ...[0m
  Tracking: [37m2kjKjuw5WCE9...[0m
  Tracking: [37mHesCZFsE7KQW...[0m
  Tracking: [37m9GPdic3QroHe...[0m
  Tracking: [37mCo9vB2Unxhu7...[0m
  Tracking: [37m9sj2jsQBsCjY...[0m
  Tracking: [37mAKprbkX7HKoS...[0m
  Tracking: [37mCv1Tt8Ea2n1J...[0m
  Tracking: [37m5V6ESvP8ehvw...[0m
  Tracking: [37m9WaC9GbrMUpK...[0m
  Tracking: [37mGAez9QzsmCPT...[0m
  Tracking: [37mqeBKiG3rX4LD...[0m
  Tracking: [37mByYcNf8jcggK...[0m
  Tracking: [37m45m4rF87aCpv...[0m
  Tracking: [37mPh2E4mKvmDio...[0m
  Tracking: [37mD4G25KUjq5Ck...[0m
  Tracking: [37m36u92DKJTcDp...[0m
  Tracking: [37m7rgqZn6J8eUQ...[0m
  Tracking: [37m5C8cDcbNJLny...[0m
  Tracking: [37m2LPVRVihyDM4...[0m
  Tracking: [37m98LUoWsBjtGP...[0m
  Tracking: [37mJ26A7S3ViVFM...[0m
  Tracking: [37m132ztsrF6Uie...[0m
  Tracking: [37m8QC7XA7kYmYG...[0m
  Tracking: [37m65ib1fLXQGQh...[0m
  Tracking: [37mAQCffA38YK9k...[0m
  Tracking: [37m2SY9zmTdxPKF...[0m
  Tracking: [37m7Fr9bk5V8qk9...[0m
  Tracking: [37mBNVoBtG8yHcg...[0m
  Tracking: [37mDD4tw1pESiYQ...[0m
  Tracking: [37m9byA2cumn7Ab...[0m
  Tracking: [37m3VBtpA2s3fHZ...[0m
  Tracking: [37mGt3koaM8vtVK...[0m
  Tracking: [37m4ytuTii4D6Um...[0m
  Tracking: [37m7ix6BbrM36Cg...[0m
  Tracking: [37m7AuddeLemyqL...[0m
  Tracking: [37mC8dBxXozqsC5...[0m
  Tracking: [37mDPjDieF64U5H...[0m
  Tracking: [37mFUhzW373hfF9...[0m
  Tracking: [37mDzrDSMThNmVT...[0m
  Tracking: [37m2nrSNsr3Pv1f...[0m
  Tracking: [37mA52YXegG4wwW...[0m
  Tracking: [37mDziUwGwE3cs5...[0m
  Tracking: [37m4WSmtakHuUCV...[0m
  Tracking: [37mDyvrUBGTBmFG...[0m
  Tracking: [37m7VsV6f8H8FRE...[0m
[92m[COPY-TRADER][0m Subscribed to 108 wallets. Watching for trades...
HTTP Request: POST https://mainnet.helius-rpc.com/?api-key=1d55b334-5ce2-4cfc-9516-cae621b9d6bb "HTTP/1.1 200 OK"
HTTP Request: POST https://mainnet.helius-rpc.com/?api-key=1d55b334-5ce2-4cfc-9516-cae621b9d6bb "HTTP/1.1 200 OK"
HTTP Request: POST https://mainnet.helius-rpc.com/?api-key=1d55b334-5ce2-4cfc-9516-cae621b9d6bb "HTTP/1.1 200 OK"
HTTP Request: POST https://mainnet.helius-rpc.com/?api-key=1d55b334-5ce2-4cfc-9516-cae621b9d6bb "HTTP/1.1 200 OK"
HTTP Request: POST https://mainnet.helius-rpc.com/?api-key=1d55b334-5ce2-4cfc-9516-cae621b9d6bb "HTTP/1.1 200 OK"
HTTP Request: POST https://mainnet.helius-rpc.com/?api-key=1d55b334-5ce2-4cfc-9516-cae621b9d6bb "HTTP/1.1 200 OK"
HTTP Request: POST https://mainnet.helius-rpc.com/?api-key=1d55b334-5ce2-4cfc-9516-cae621b9d6bb "HTTP/1.1 200 OK"
HTTP Request: POST https://mainnet.helius-rpc.com/?api-key=1d55b334-5ce2-4cfc-9516-cae621b9d6bb "HTTP/1.1 200 OK"
HTTP Request: POST https://mainnet.helius-rpc.com/?api-key=1d55b334-5ce2-4cfc-9516-cae621b9d6bb "HTTP/1.1 200 OK"
HTTP Request: POST https://mainnet.helius-rpc.com/?api-key=1d55b334-5ce2-4cfc-9516-cae621b9d6bb "HTTP/1.1 200 OK"
HTTP Request: POST https://mainnet.helius-rpc.com/?api-key=1d55b334-5ce2-4cfc-9516-cae621b9d6bb "HTTP/1.1 200 OK"
HTTP Request: POST https://mainnet.helius-rpc.com/?api-key=1d55b334-5ce2-4cfc-9516-cae621b9d6bb "HTTP/1.1 200 OK"
HTTP Request: POST https://mainnet.helius-rpc.com/?api-key=1d55b334-5ce2-4cfc-9516-cae621b9d6bb "HTTP/1.1 200 OK"
HTTP Request: POST https://mainnet.helius-rpc.com/?api-key=1d55b334-5ce2-4cfc-9516-cae621b9d6bb "HTTP/1.1 200 OK"
HTTP Request: POST https://mainnet.helius-rpc.com/?api-key=1d55b334-5ce2-4cfc-9516-cae621b9d6bb "HTTP/1.1 200 OK"
HTTP Request: POST https://mainnet.helius-rpc.com/?api-key=1d55b334-5ce2-4cfc-9516-cae621b9d6bb "HTTP/1.1 200 OK"
[94m[COPY-STATUS][0m [LIVE] Tracking: 108 wallets | Detected: 0 | Copied: 0 | Active: 0/1
HTTP Request: POST https://mainnet.helius-rpc.com/?api-key=1d55b334-5ce2-4cfc-9516-cae621b9d6bb "HTTP/1.1 200 OK"
HTTP Request: POST https://mainnet.helius-rpc.com/?api-key=1d55b334-5ce2-4cfc-9516-cae621b9d6bb "HTTP/1.1 200 OK"
HTTP Request: POST https://mainnet.helius-rpc.com/?api-key=1d55b334-5ce2-4cfc-9516-cae621b9d6bb "HTTP/1.1 200 OK"
HTTP Request: POST https://mainnet.helius-rpc.com/?api-key=1d55b334-5ce2-4cfc-9516-cae621b9d6bb "HTTP/1.1 200 OK"
HTTP Request: POST https://mainnet.helius-rpc.com/?api-key=1d55b334-5ce2-4cfc-9516-cae621b9d6bb "HTTP/1.1 200 OK"
HTTP Request: POST https://mainnet.helius-rpc.com/?api-key=1d55b334-5ce2-4cfc-9516-cae621b9d6bb "HTTP/1.1 200 OK"
HTTP Request: POST https://mainnet.helius-rpc.com/?api-key=1d55b334-5ce2-4cfc-9516-cae621b9d6bb "HTTP/1.1 200 OK"
HTTP Request: POST https://mainnet.helius-rpc.com/?api-key=1d55b334-5ce2-4cfc-9516-cae621b9d6bb "HTTP/1.1 200 OK"
HTTP Request: POST https://mainnet.helius-rpc.com/?api-key=1d55b334-5ce2-4cfc-9516-cae621b9d6bb "HTTP/1.1 200 OK"
HTTP Request: POST https://mainnet.helius-rpc.com/?api-key=1d55b334-5ce2-4cfc-9516-cae621b9d6bb "HTTP/1.1 200 OK"
HTTP Request: POST https://mainnet.helius-rpc.com/?api-key=1d55b334-5ce2-4cfc-9516-cae621b9d6bb "HTTP/1.1 200 OK"
HTTP Request: POST https://mainnet.helius-rpc.com/?api-key=1d55b334-5ce2-4cfc-9516-cae621b9d6bb "HTTP/1.1 200 OK"
HTTP Request: POST https://mainnet.helius-rpc.com/?api-key=1d55b334-5ce2-4cfc-9516-cae621b9d6bb "HTTP/1.1 200 OK"
HTTP Request: POST https://mainnet.helius-rpc.com/?api-key=1d55b334-5ce2-4cfc-9516-cae621b9d6bb "HTTP/1.1 200 OK"
HTTP Request: POST https://mainnet.helius-rpc.com/?api-key=1d55b334-5ce2-4cfc-9516-cae621b9d6bb "HTTP/1.1 200 OK"
HTTP Request: POST https://mainnet.helius-rpc.com/?api-key=1d55b334-5ce2-4cfc-9516-cae621b9d6bb "HTTP/1.1 200 OK"
HTTP Request: POST https://mainnet.helius-rpc.com/?api-key=1d55b334-5ce2-4cfc-9516-cae621b9d6bb "HTTP/1.1 200 OK"
HTTP Request: POST https://mainnet.helius-rpc.com/?api-key=1d55b334-5ce2-4cfc-9516-cae621b9d6bb "HTTP/1.1 200 OK"
HTTP Request: POST https://mainnet.helius-rpc.com/?api-key=1d55b334-5ce2-4cfc-9516-cae621b9d6bb "HTTP/1.1 200 OK"
HTTP Request: POST https://mainnet.helius-rpc.com/?api-key=1d55b334-5ce2-4cfc-9516-cae621b9d6bb "HTTP/1.1 200 OK"
HTTP Request: POST https://mainnet.helius-rpc.com/?api-key=1d55b334-5ce2-4cfc-9516-cae621b9d6bb "HTTP/1.1 200 OK"
HTTP Request: POST https://mainnet.helius-rpc.com/?api-key=1d55b334-5ce2-4cfc-9516-cae621b9d6bb "HTTP/1.1 200 OK"
HTTP Request: POST https://mainnet.helius-rpc.com/?api-key=1d55b334-5ce2-4cfc-9516-cae621b9d6bb "HTTP/1.1 200 OK"
HTTP Request: POST https://mainnet.helius-rpc.com/?api-key=1d55b334-5ce2-4cfc-9516-cae621b9d6bb "HTTP/1.1 200 OK"
HTTP Request: POST https://mainnet.helius-rpc.com/?api-key=1d55b334-5ce2-4cfc-9516-cae621b9d6bb "HTTP/1.1 200 OK"
HTTP Request: POST https://mainnet.helius-rpc.com/?api-key=1d55b334-5ce2-4cfc-9516-cae621b9d6bb "HTTP/1.1 200 OK"
HTTP Request: POST https://mainnet.helius-rpc.com/?api-key=1d55b334-5ce2-4cfc-9516-cae621b9d6bb "HTTP/1.1 200 OK"
HTTP Request: POST https://mainnet.helius-rpc.com/?api-key=1d55b334-5ce2-4cfc-9516-cae621b9d6bb "HTTP/1.1 200 OK"
HTTP Request: POST https://mainnet.helius-rpc.com/?api-key=1d55b334-5ce2-4cfc-9516-cae621b9d6bb "HTTP/1.1 200 OK"
HTTP Request: POST https://mainnet.helius-rpc.com/?api-key=1d55b334-5ce2-4cfc-9516-cae621b9d6bb "HTTP/1.1 200 OK"
HTTP Request: POST https://mainnet.helius-rpc.com/?api-key=1d55b334-5ce2-4cfc-9516-cae621b9d6bb "HTTP/1.1 200 OK"
HTTP Request: POST https://mainnet.helius-rpc.com/?api-key=1d55b334-5ce2-4cfc-9516-cae621b9d6bb "HTTP/1.1 200 OK"
HTTP Request: POST https://mainnet.helius-rpc.com/?api-key=1d55b334-5ce2-4cfc-9516-cae621b9d6bb "HTTP/1.1 200 OK"
HTTP Request: POST https://mainnet.helius-rpc.com/?api-key=1d55b334-5ce2-4cfc-9516-cae621b9d6bb "HTTP/1.1 200 OK"
HTTP Request: POST https://mainnet.helius-rpc.com/?api-key=1d55b334-5ce2-4cfc-9516-cae621b9d6bb "HTTP/1.1 200 OK"
HTTP Request: POST https://mainnet.helius-rpc.com/?api-key=1d55b334-5ce2-4cfc-9516-cae621b9d6bb "HTTP/1.1 200 OK"
HTTP Request: POST https://mainnet.helius-rpc.com/?api-key=1d55b334-5ce2-4cfc-9516-cae621b9d6bb "HTTP/1.1 200 OK"
HTTP Request: POST https://mainnet.helius-rpc.com/?api-key=1d55b334-5ce2-4cfc-9516-cae621b9d6bb "HTTP/1.1 200 OK"
HTTP Request: POST https://mainnet.helius-rpc.com/?api-key=1d55b334-5ce2-4cfc-9516-cae621b9d6bb "HTTP/1.1 200 OK"
HTTP Request: POST https://mainnet.helius-rpc.com/?api-key=1d55b334-5ce2-4cfc-9516-cae621b9d6bb "HTTP/1.1 200 OK"
HTTP Request: POST https://mainnet.helius-rpc.com/?api-key=1d55b334-5ce2-4cfc-9516-cae621b9d6bb "HTTP/1.1 200 OK"
